\BOOKMARK [0][-]{chapter.1}{\376\377\000A\000p\000p\000r\000o\000x\000i\000m\000a\000t\000i\000n\000g\000\040\000t\000h\000e\000\040\000P\000r\000o\000b\000a\000b\000i\000l\000i\000t\000y\000\040\000D\000e\000n\000s\000i\000t\000y\000\040\000f\000o\000r\000\040\000a\000\040\000H\000a\000r\000m\000o\000n\000i\000c\000\040\000O\000s\000c\000i\000l\000l\000a\000t\000o\000r}{}% 1
\BOOKMARK [0][-]{chapter.2}{\376\377\000F\000i\000n\000d\000i\000n\000g\000\040\000t\000h\000e\000\040\000E\000i\000g\000e\000n\000s\000t\000a\000t\000e\000\040\000E\000n\000e\000r\000g\000i\000e\000s}{}% 2
\BOOKMARK [0][-]{chapter.3}{\376\377\000Q\000u\000a\000n\000t\000u\000m\000\040\000O\000s\000c\000i\000l\000l\000a\000t\000o\000r}{}% 3
\BOOKMARK [0][-]{chapter.4}{\376\377\000F\000i\000n\000d\000i\000n\000g\000\040\000E\000v\000e\000n\000\040\000a\000n\000d\000\040\000O\000d\000d\000\040\000E\000n}{}% 4
\BOOKMARK [0][-]{chapter.5}{\376\377\000W\000a\000g\000\040\000t\000h\000e\000\040\000D\000o\000g}{}% 5
\BOOKMARK [0][-]{chapter.6}{\376\377\000U\000s\000i\000n\000g\000\040\000t\000h\000e\000\040\000A\000b\000o\000v\000e\000\040\000C\000o\000d\000e}{}% 6
\BOOKMARK [0][-]{chapter.7}{\376\377\000C\000a\000l\000c\000u\000l\000a\000t\000i\000n\000g\000\040\000t\000h\000e\000\040\000O\000d\000d\000\040\000E\000i\000g\000e\000n\000s\000t\000a\000t\000e\000\040\000E\000n\000e\000r\000g\000i\000e\000s}{}% 7
\BOOKMARK [0][-]{chapter.8}{\376\377\000C\000a\000l\000c\000u\000l\000a\000t\000i\000n\000g\000\040\000t\000h\000e\000\040\000E\000v\000e\000n\000\040\000E\000i\000g\000e\000n\000s\000t\000a\000t\000e\000\040\000E\000n\000e\000r\000g\000i\000e\000s}{}% 8
\BOOKMARK [0][-]{chapter.9}{\376\377\000P\000r\000o\000b\000l\000e\000m\000\040\0002\000.\0006\0001}{}% 9
\BOOKMARK [0][-]{chapter.10}{\376\377\000P\000r\000o\000b\000l\000e\000m\000\040\0002\000.\0006\0002}{}% 10
\BOOKMARK [0][-]{chapter.11}{\376\377\000G\000e\000n\000e\000r\000a\000t\000i\000n\000g\000\040\000t\000h\000e\000\040\000H\000a\000m\000i\000l\000i\000t\000o\000n\000i\000a\000n}{}% 11
\BOOKMARK [0][-]{chapter.12}{\376\377\000U\000s\000i\000n\000g\000\040\000t\000h\000e\000\040\000A\000b\000o\000v\000e\000\040\000H\000a\000m\000i\000l\000i\000t\000o\000n\000i\000a\000n}{}% 12
\BOOKMARK [0][-]{chapter.13}{\376\377\000P\000r\000o\000b\000l\000e\000m\000\040\0002\000.\0006\0002}{}% 13
\BOOKMARK [0][-]{chapter.14}{\376\377\000G\000e\000n\000e\000r\000a\000t\000i\000n\000g\000\040\000t\000h\000e\000\040\000H\000a\000m\000i\000l\000i\000t\000o\000n\000i\000a\000n}{}% 14
\BOOKMARK [0][-]{chapter.15}{\376\377\000U\000s\000i\000n\000g\000\040\000t\000h\000e\000\040\000A\000b\000o\000v\000e\000\040\000H\000a\000m\000i\000l\000i\000t\000o\000n\000i\000a\000n}{}% 15
\BOOKMARK [0][-]{chapter.16}{\376\377\000G\000r\000a\000m\000-\000S\000c\000h\000m\000i\000d\000t\000\040\000O\000r\000t\000h\000o\000n\000o\000r\000m\000a\000l\000i\000z\000a\000t\000i\000o\000n}{}% 16
\BOOKMARK [0][-]{chapter.17}{\376\377\000T\000h\000e\000\040\000G\000r\000a\000m\000-\000S\000c\000h\000m\000i\000d\000t}{}% 17
\BOOKMARK [0][-]{chapter.18}{\376\377\000E\000x\000a\000m\000p\000l\000e\000\040\000B\000a\000s\000e\000s}{}% 18
\BOOKMARK [0][-]{chapter.19}{\376\377\000A\000n\000o\000t\000h\000e\000r\000\040\000E\000x\000a\000m\000p\000l\000e}{}% 19
\BOOKMARK [0][-]{chapter.20}{\376\377\000F\000i\000n\000d\000i\000n\000g\000\040\000B\000o\000h\000r\000\040\000E\000n\000e\000r\000g\000i\000e\000s\000\040\000i\000n\000\040\000H\000y\000d\000r\000o\000g\000e\000n}{}% 20
\BOOKMARK [0][-]{chapter.21}{\376\377\000V\000i\000s\000u\000a\000l\000i\000z\000a\000t\000i\000o\000n}{}% 21
